<?xml version="1.0" encoding="UTF-8"?>
<!-- Generated by org.testng.reporters.JUnitXMLReporter -->
<testsuite ignored="0" hostname="DESKTOP-8H92SMU" failures="0" tests="1" name="Chrome Test" time="0.363" errors="0" timestamp="2024-08-26T21:48:54 GMT-07:00">
  <testcase classname="fb_test.Crossbrowser" name="@BeforeMethod setup" time="0.224">
    <failure type="org.openqa.selenium.remote.NoSuchDriverException" message="Unable to obtain: chromedriver, error chromedriver must be a regular file: C:\Users\dell\Desktop\Automation\chromedriver-win64
For documentation on this error, please visit: https://www.selenium.dev/documentation/webdriver/troubleshooting/errors/driver_location/
Build info: version: &amp;apos;4.21.0&amp;apos;, revision: &amp;apos;79ed462ef4&amp;apos;
System info: os.name: &amp;apos;Windows 10&amp;apos;, os.arch: &amp;apos;amd64&amp;apos;, os.version: &amp;apos;10.0&amp;apos;, java.version: &amp;apos;22.0.1&amp;apos;
Driver info: driver.version: ChromeDriver">
      <![CDATA[org.openqa.selenium.remote.NoSuchDriverException: Unable to obtain: chromedriver, error chromedriver must be a regular file: C:\Users\dell\Desktop\Automation\chromedriver-win64
For documentation on this error, please visit: https://www.selenium.dev/documentation/webdriver/troubleshooting/errors/driver_location/
Build info: version: '4.21.0', revision: '79ed462ef4'
System info: os.name: 'Windows 10', os.arch: 'amd64', os.version: '10.0', java.version: '22.0.1'
Driver info: driver.version: ChromeDriver
at org.openqa.selenium.remote.service.DriverFinder.getBinaryPaths(DriverFinder.java:121)
at org.openqa.selenium.remote.service.DriverFinder.getDriverPath(DriverFinder.java:55)
at org.openqa.selenium.chrome.ChromeDriver.generateExecutor(ChromeDriver.java:99)
at org.openqa.selenium.chrome.ChromeDriver.<init>(ChromeDriver.java:88)
at org.openqa.selenium.chrome.ChromeDriver.<init>(ChromeDriver.java:83)
at org.openqa.selenium.chrome.ChromeDriver.<init>(ChromeDriver.java:51)
at fb_test.Crossbrowser.setup(Crossbrowser.java:17)
at java.base/java.util.ArrayList.forEach(ArrayList.java:1597)
Caused by: java.lang.IllegalStateException: chromedriver must be a regular file: C:\Users\dell\Desktop\Automation\chromedriver-win64
at org.openqa.selenium.internal.Require$FileStateChecker.isFile(Require.java:349)
at org.openqa.selenium.internal.Require$FileStateChecker.isExecutable(Require.java:368)
at org.openqa.selenium.remote.service.DriverFinder.getBinaryPaths(DriverFinder.java:118)
... 36 more
... Removed 29 stack frames]]>
    </failure>
  </testcase> <!-- @BeforeMethod setup -->
  <testcase classname="fb_test.Crossbrowser" name="@AfterMethod teardown" time="-1.724734134346E9">
    <skipped/>
  </testcase> <!-- @AfterMethod teardown -->
  <testcase classname="fb_test.Crossbrowser" name="testfacebooklogin" time="0.0">
    <skipped/>
  </testcase> <!-- testfacebooklogin -->
</testsuite> <!-- Chrome Test -->
